User belongs to experiment group 'AlwaysDisplayTestExplorer - experiment'
Starting Jedi Python language engine.

Linter 'pylint' is not installed. Please install it or select another linter".
Error: Module 'pylint' not installed.

Linter 'pylint' is not installed. Please install it or select another linter".
Error: Module 'pylint' not installed.

Linter 'pylint' is not installed. Please install it or select another linter".
Error: Module 'pylint' not installed.

Linter 'pylint' is not installed. Please install it or select another linter".
Error: Module 'pylint' not installed.

Linter 'pylint' is not installed. Please install it or select another linter".
Error: Module 'pylint' not installed.

Linter 'pylint' is not installed. Please install it or select another linter".
Error: Module 'pylint' not installed.

Linter 'pylint' is not installed. Please install it or select another linter".
Error: Module 'pylint' not installed.

Linter 'pylint' is not installed. Please install it or select another linter".
Error: Module 'pylint' not installed.

Linter 'pylint' is not installed. Please install it or select another linter".
Error: Module 'pylint' not installed.

Linter 'pylint' is not installed. Please install it or select another linter".
Error: Module 'pylint' not installed.

Linter 'pylint' is not installed. Please install it or select another linter".
Error: Module 'pylint' not installed.

Linter 'pylint' is not installed. Please install it or select another linter".
Error: Module 'pylint' not installed.

Linter 'pylint' is not installed. Please install it or select another linter".
Error: Module 'pylint' not installed.

Linter 'pylint' is not installed. Please install it or select another linter".
Error: Module 'pylint' not installed.

Linter 'pylint' is not installed. Please install it or select another linter".
Error: Module 'pylint' not installed.

Linter 'pylint' is not installed. Please install it or select another linter".
Error: Module 'pylint' not installed.

Linter 'pylint' is not installed. Please install it or select another linter".
Error: Module 'pylint' not installed.

Linter 'pylint' is not installed. Please install it or select another linter".
Error: Module 'pylint' not installed.

Linter 'pylint' is not installed. Please install it or select another linter".
Error: Module 'pylint' not installed.

Linter 'pylint' is not installed. Please install it or select another linter".
Error: Module 'pylint' not installed.

Formatting with autopep8 failed.
You could either install the 'autopep8' formatter, turn it off or use another formatter.
Error: Module 'autopep8' not installed.

Linter 'pylint' is not installed. Please install it or select another linter".
Error: Module 'pylint' not installed.

Linter 'pylint' is not installed. Please install it or select another linter".
Error: Module 'pylint' not installed.

Linter 'pylint' is not installed. Please install it or select another linter".
Error: Module 'pylint' not installed.

Linter 'pylint' is not installed. Please install it or select another linter".
Error: Module 'pylint' not installed.

Linter 'pylint' is not installed. Please install it or select another linter".
Error: Module 'pylint' not installed.

Formatting with autopep8 failed.
You could either install the 'autopep8' formatter, turn it off or use another formatter.
Error: Module 'autopep8' not installed.

Linter 'pylint' is not installed. Please install it or select another linter".
Error: Module 'pylint' not installed.

Linter 'pylint' is not installed. Please install it or select another linter".
Error: Module 'pylint' not installed.

Linter 'pylint' is not installed. Please install it or select another linter".
Error: Module 'pylint' not installed.

Linter 'pylint' is not installed. Please install it or select another linter".
Error: Module 'pylint' not installed.

Linter 'pylint' is not installed. Please install it or select another linter".
Error: Module 'pylint' not installed.

Linter 'pylint' is not installed. Please install it or select another linter".
Error: Module 'pylint' not installed.

Linter 'pylint' is not installed. Please install it or select another linter".
Error: Module 'pylint' not installed.

Linter 'pylint' is not installed. Please install it or select another linter".
Error: Module 'pylint' not installed.

Linter 'pylint' is not installed. Please install it or select another linter".
Error: Module 'pylint' not installed.

Linter 'pylint' is not installed. Please install it or select another linter".
Error: Module 'pylint' not installed.

Linter 'pylint' is not installed. Please install it or select another linter".
Error: Module 'pylint' not installed.

Linter 'pylint' is not installed. Please install it or select another linter".
Error: Module 'pylint' not installed.

Formatting with black failed.
You could either install the 'black' formatter, turn it off or use another formatter.
Error: Module 'black' not installed.

Linter 'pylint' is not installed. Please install it or select another linter".
Error: Module 'pylint' not installed.

Formatting with black failed.
You could either install the 'black' formatter, turn it off or use another formatter.
Error: Module 'black' not installed.

Linter 'pylint' is not installed. Please install it or select another linter".
Error: Module 'pylint' not installed.

Linter 'pylint' is not installed. Please install it or select another linter".
Error: Module 'pylint' not installed.

Linter 'pylint' is not installed. Please install it or select another linter".
Error: Module 'pylint' not installed.

Linter 'pylint' is not installed. Please install it or select another linter".
Error: Module 'pylint' not installed.

Linter 'pylint' is not installed. Please install it or select another linter".
Error: Module 'pylint' not installed.

Linter 'pylint' is not installed. Please install it or select another linter".
Error: Module 'pylint' not installed.

Linter 'pylint' is not installed. Please install it or select another linter".
Error: Module 'pylint' not installed.

Linter 'pylint' is not installed. Please install it or select another linter".
Error: Module 'pylint' not installed.

Linter 'pylint' is not installed. Please install it or select another linter".
Error: Module 'pylint' not installed.

Linter 'pylint' is not installed. Please install it or select another linter".
Error: Module 'pylint' not installed.

Linter 'pylint' is not installed. Please install it or select another linter".
Error: Module 'pylint' not installed.

Linter 'pylint' is not installed. Please install it or select another linter".
Error: Module 'pylint' not installed.

Linter 'pylint' is not installed. Please install it or select another linter".
Error: Module 'pylint' not installed.

Linter 'pylint' is not installed. Please install it or select another linter".
Error: Module 'pylint' not installed.

Linter 'pylint' is not installed. Please install it or select another linter".
Error: Module 'pylint' not installed.

Linter 'pylint' is not installed. Please install it or select another linter".
Error: Module 'pylint' not installed.

Linter 'pylint' is not installed. Please install it or select another linter".
Error: Module 'pylint' not installed.

Linter 'pylint' is not installed. Please install it or select another linter".
Error: Module 'pylint' not installed.

Linter 'pylint' is not installed. Please install it or select another linter".
Error: Module 'pylint' not installed.

Linter 'pylint' is not installed. Please install it or select another linter".
Error: Module 'pylint' not installed.

Linter 'pylint' is not installed. Please install it or select another linter".
Error: Module 'pylint' not installed.

Linter 'pylint' is not installed. Please install it or select another linter".
Error: Module 'pylint' not installed.

Linter 'pylint' is not installed. Please install it or select another linter".
Error: Module 'pylint' not installed.

Linter 'pylint' is not installed. Please install it or select another linter".
Error: Module 'pylint' not installed.

Linter 'pylint' is not installed. Please install it or select another linter".
Error: Module 'pylint' not installed.

Linter 'pylint' is not installed. Please install it or select another linter".
Error: Module 'pylint' not installed.

Linter 'pylint' is not installed. Please install it or select another linter".
Error: Module 'pylint' not installed.

Linter 'pylint' is not installed. Please install it or select another linter".
Error: Module 'pylint' not installed.

Linter 'pylint' is not installed. Please install it or select another linter".
Error: Module 'pylint' not installed.

Linter 'pylint' is not installed. Please install it or select another linter".
Error: Module 'pylint' not installed.

Linter 'pylint' is not installed. Please install it or select another linter".
Error: Module 'pylint' not installed.

Linter 'pylint' is not installed. Please install it or select another linter".
Error: Module 'pylint' not installed.

Linter 'pylint' is not installed. Please install it or select another linter".
Error: Module 'pylint' not installed.

Linter 'pylint' is not installed. Please install it or select another linter".
Error: Module 'pylint' not installed.

Linter 'pylint' is not installed. Please install it or select another linter".
Error: Module 'pylint' not installed.

Linter 'pylint' is not installed. Please install it or select another linter".
Error: Module 'pylint' not installed.

Linter 'pylint' is not installed. Please install it or select another linter".
Error: Module 'pylint' not installed.

Linter 'pylint' is not installed. Please install it or select another linter".
Error: Module 'pylint' not installed.

Linter 'pylint' is not installed. Please install it or select another linter".
Error: Module 'pylint' not installed.

Linter 'pylint' is not installed. Please install it or select another linter".
Error: Module 'pylint' not installed.

Linter 'pylint' is not installed. Please install it or select another linter".
Error: Module 'pylint' not installed.

Formatting with black failed.
You could either install the 'black' formatter, turn it off or use another formatter.
Error: Module 'black' not installed.

Linter 'pylint' is not installed. Please install it or select another linter".
Error: Module 'pylint' not installed.

Linter 'pylint' is not installed. Please install it or select another linter".
Error: Module 'pylint' not installed.

Linter 'pylint' is not installed. Please install it or select another linter".
Error: Module 'pylint' not installed.

Linter 'pylint' is not installed. Please install it or select another linter".
Error: Module 'pylint' not installed.

Linter 'pylint' is not installed. Please install it or select another linter".
Error: Module 'pylint' not installed.

Linter 'pylint' is not installed. Please install it or select another linter".
Error: Module 'pylint' not installed.

Linter 'pylint' is not installed. Please install it or select another linter".
Error: Module 'pylint' not installed.

Linter 'pylint' is not installed. Please install it or select another linter".
Error: Module 'pylint' not installed.

Linter 'pylint' is not installed. Please install it or select another linter".
Error: Module 'pylint' not installed.

Linter 'pylint' is not installed. Please install it or select another linter".
Error: Module 'pylint' not installed.

Linter 'pylint' is not installed. Please install it or select another linter".
Error: Module 'pylint' not installed.

Linter 'pylint' is not installed. Please install it or select another linter".
Error: Module 'pylint' not installed.

Linter 'pylint' is not installed. Please install it or select another linter".
Error: Module 'pylint' not installed.

Linter 'pylint' is not installed. Please install it or select another linter".
Error: Module 'pylint' not installed.

Linter 'pylint' is not installed. Please install it or select another linter".
Error: Module 'pylint' not installed.

Linter 'pylint' is not installed. Please install it or select another linter".
Error: Module 'pylint' not installed.

Linter 'pylint' is not installed. Please install it or select another linter".
Error: Module 'pylint' not installed.

Linter 'pylint' is not installed. Please install it or select another linter".
Error: Module 'pylint' not installed.

Linter 'pylint' is not installed. Please install it or select another linter".
Error: Module 'pylint' not installed.

Linter 'pylint' is not installed. Please install it or select another linter".
Error: Module 'pylint' not installed.

Linter 'pylint' is not installed. Please install it or select another linter".
Error: Module 'pylint' not installed.

Linter 'pylint' is not installed. Please install it or select another linter".
Error: Module 'pylint' not installed.

Linter 'pylint' is not installed. Please install it or select another linter".
Error: Module 'pylint' not installed.

Linter 'pylint' is not installed. Please install it or select another linter".
Error: Module 'pylint' not installed.

Linter 'pylint' is not installed. Please install it or select another linter".
Error: Module 'pylint' not installed.

Linter 'pylint' is not installed. Please install it or select another linter".
Error: Module 'pylint' not installed.
